17:49:05:522	TRACE	[object SymbolInstance]

----------------------------------------------------------------------------------------------------
17:49:05:526	LOG	[object SymbolInstance]
----------------------------------------------------------------------------------------------------


----------------------------------------------------------------------------------------------------
17:49:05:527	LOG	[object SymbolInstance]
----------------------------------------------------------------------------------------------------


----------------------------------------------------------------------------------------------------
17:49:05:528	INFO	[object SymbolInstance]
----------------------------------------------------------------------------------------------------


----------------------------------------------------------------------------------------------------
17:49:05:529	WARN	[object SymbolInstance]
----------------------------------------------------------------------------------------------------


----------------------------------------------------------------------------------------------------
17:49:05:531	ERROR	[object SymbolInstance]
----------------------------------------------------------------------------------------------------

17:49:46:203	TRACE	[object SymbolInstance]

----------------------------------------------------------------------------------------------------
17:49:46:204	LOG	[object SymbolInstance]
----------------------------------------------------------------------------------------------------


----------------------------------------------------------------------------------------------------
17:49:46:205	LOG	[object SymbolInstance]
----------------------------------------------------------------------------------------------------


----------------------------------------------------------------------------------------------------
17:49:46:206	INFO	[object SymbolInstance]
----------------------------------------------------------------------------------------------------


----------------------------------------------------------------------------------------------------
17:49:46:207	WARN	[object SymbolInstance]
----------------------------------------------------------------------------------------------------


----------------------------------------------------------------------------------------------------
17:49:46:208	ERROR	[object SymbolInstance]
----------------------------------------------------------------------------------------------------

17:49:53:050	TRACE	[object SymbolInstance]

----------------------------------------------------------------------------------------------------
17:49:53:051	LOG	[object SymbolInstance]
----------------------------------------------------------------------------------------------------


----------------------------------------------------------------------------------------------------
17:49:53:052	LOG	[object SymbolInstance]
----------------------------------------------------------------------------------------------------


----------------------------------------------------------------------------------------------------
17:49:53:052	INFO	[object SymbolInstance]
----------------------------------------------------------------------------------------------------


----------------------------------------------------------------------------------------------------
17:49:53:053	WARN	[object SymbolInstance]
----------------------------------------------------------------------------------------------------


----------------------------------------------------------------------------------------------------
17:49:53:054	ERROR	[object SymbolInstance]
----------------------------------------------------------------------------------------------------

17:50:06:772	TRACE	[object SymbolInstance]

----------------------------------------------------------------------------------------------------
17:50:06:773	LOG	[object SymbolInstance]
----------------------------------------------------------------------------------------------------


----------------------------------------------------------------------------------------------------
17:50:06:774	LOG	[object SymbolInstance]
----------------------------------------------------------------------------------------------------


----------------------------------------------------------------------------------------------------
17:50:06:775	INFO	[object SymbolInstance]
----------------------------------------------------------------------------------------------------


----------------------------------------------------------------------------------------------------
17:50:06:776	WARN	[object SymbolInstance]
----------------------------------------------------------------------------------------------------


----------------------------------------------------------------------------------------------------
17:50:06:776	ERROR	[object SymbolInstance]
----------------------------------------------------------------------------------------------------

17:50:38:179	TRACE	[object SymbolInstance]

----------------------------------------------------------------------------------------------------
17:50:38:180	LOG	[object SymbolInstance]
----------------------------------------------------------------------------------------------------


----------------------------------------------------------------------------------------------------
17:50:38:180	LOG	[object SymbolInstance]
----------------------------------------------------------------------------------------------------


----------------------------------------------------------------------------------------------------
17:50:38:180	INFO	[object SymbolInstance]
----------------------------------------------------------------------------------------------------


----------------------------------------------------------------------------------------------------
17:50:38:181	WARN	[object SymbolInstance]
----------------------------------------------------------------------------------------------------


----------------------------------------------------------------------------------------------------
17:50:38:181	ERROR	[object SymbolInstance]
----------------------------------------------------------------------------------------------------

17:50:56:342	TRACE	[object SymbolInstance]

----------------------------------------------------------------------------------------------------
17:50:56:343	LOG	[object SymbolInstance]
----------------------------------------------------------------------------------------------------


----------------------------------------------------------------------------------------------------
17:50:56:343	LOG	[object SymbolInstance]
----------------------------------------------------------------------------------------------------


----------------------------------------------------------------------------------------------------
17:50:56:343	INFO	[object SymbolInstance]
----------------------------------------------------------------------------------------------------


----------------------------------------------------------------------------------------------------
17:50:56:344	WARN	[object SymbolInstance]
----------------------------------------------------------------------------------------------------


----------------------------------------------------------------------------------------------------
17:50:56:344	ERROR	[object SymbolInstance]
----------------------------------------------------------------------------------------------------

17:51:50:282	TRACE	[object SymbolInstance]

----------------------------------------------------------------------------------------------------
17:51:50:283	LOG	[object SymbolInstance]
----------------------------------------------------------------------------------------------------


----------------------------------------------------------------------------------------------------
17:51:50:283	LOG	[object SymbolInstance]
----------------------------------------------------------------------------------------------------


----------------------------------------------------------------------------------------------------
17:51:50:283	INFO	[object SymbolInstance]
----------------------------------------------------------------------------------------------------


----------------------------------------------------------------------------------------------------
17:51:50:284	WARN	[object SymbolInstance]
----------------------------------------------------------------------------------------------------


----------------------------------------------------------------------------------------------------
17:51:50:284	ERROR	[object SymbolInstance]
----------------------------------------------------------------------------------------------------

17:52:29:228	TRACE	[object SymbolInstance]

----------------------------------------------------------------------------------------------------
17:52:29:228	LOG	[object SymbolInstance]
----------------------------------------------------------------------------------------------------


----------------------------------------------------------------------------------------------------
17:52:29:229	LOG	[object SymbolInstance]
----------------------------------------------------------------------------------------------------


----------------------------------------------------------------------------------------------------
17:52:29:229	INFO	[object SymbolInstance]
----------------------------------------------------------------------------------------------------


----------------------------------------------------------------------------------------------------
17:52:29:229	WARN	[object SymbolInstance]
----------------------------------------------------------------------------------------------------


----------------------------------------------------------------------------------------------------
17:52:29:230	ERROR	[object SymbolInstance]
----------------------------------------------------------------------------------------------------

17:52:40:366	TRACE	[object SymbolInstance]

----------------------------------------------------------------------------------------------------
17:52:40:366	LOG	[object SymbolInstance]
----------------------------------------------------------------------------------------------------


----------------------------------------------------------------------------------------------------
17:52:40:367	LOG	[object SymbolInstance]
----------------------------------------------------------------------------------------------------


----------------------------------------------------------------------------------------------------
17:52:40:367	INFO	[object SymbolInstance]
----------------------------------------------------------------------------------------------------


----------------------------------------------------------------------------------------------------
17:52:40:367	WARN	[object SymbolInstance]
----------------------------------------------------------------------------------------------------


----------------------------------------------------------------------------------------------------
17:52:40:368	ERROR	[object SymbolInstance]
----------------------------------------------------------------------------------------------------

18:59:05:183	TRACE	[object SymbolInstance]

----------------------------------------------------------------------------------------------------
18:59:05:184	LOG	[object SymbolInstance]
----------------------------------------------------------------------------------------------------


----------------------------------------------------------------------------------------------------
18:59:05:184	LOG	[object SymbolInstance]
----------------------------------------------------------------------------------------------------


----------------------------------------------------------------------------------------------------
18:59:05:185	INFO	[object SymbolInstance]
----------------------------------------------------------------------------------------------------


----------------------------------------------------------------------------------------------------
18:59:05:185	WARN	[object SymbolInstance]
----------------------------------------------------------------------------------------------------


----------------------------------------------------------------------------------------------------
18:59:05:185	ERROR	[object SymbolInstance]
----------------------------------------------------------------------------------------------------


----------------------------------------------------------------------------------------------------
19:29:17:406	LOG	15
----------------------------------------------------------------------------------------------------


----------------------------------------------------------------------------------------------------
19:29:30:245	LOG	1,2,3,4,5
----------------------------------------------------------------------------------------------------


----------------------------------------------------------------------------------------------------
19:29:40:202	LOG	1,2,3,4,5
----------------------------------------------------------------------------------------------------


----------------------------------------------------------------------------------------------------
19:29:55:684	LOG	1,2,3,4,5
----------------------------------------------------------------------------------------------------


----------------------------------------------------------------------------------------------------
19:30:05:705	LOG	1,2,3,4,5
----------------------------------------------------------------------------------------------------


----------------------------------------------------------------------------------------------------
19:30:40:142	LOG	1,2
----------------------------------------------------------------------------------------------------


----------------------------------------------------------------------------------------------------
19:30:40:142	LOG	3,4
----------------------------------------------------------------------------------------------------


----------------------------------------------------------------------------------------------------
19:30:40:143	LOG	5
----------------------------------------------------------------------------------------------------


----------------------------------------------------------------------------------------------------
19:31:03:259	LOG	1,2
----------------------------------------------------------------------------------------------------


----------------------------------------------------------------------------------------------------
19:31:03:260	LOG	3,4
----------------------------------------------------------------------------------------------------


----------------------------------------------------------------------------------------------------
19:31:03:261	LOG	5
----------------------------------------------------------------------------------------------------


----------------------------------------------------------------------------------------------------
19:31:03:261	LOG	1,2,3,4,5
----------------------------------------------------------------------------------------------------


----------------------------------------------------------------------------------------------------
19:31:25:989	LOG	1,2
----------------------------------------------------------------------------------------------------


----------------------------------------------------------------------------------------------------
19:31:25:990	LOG	3,4
----------------------------------------------------------------------------------------------------


----------------------------------------------------------------------------------------------------
19:31:25:990	LOG	5
----------------------------------------------------------------------------------------------------


----------------------------------------------------------------------------------------------------
19:35:00:201	LOG	1,2
----------------------------------------------------------------------------------------------------


----------------------------------------------------------------------------------------------------
19:35:00:201	LOG	3,4
----------------------------------------------------------------------------------------------------


----------------------------------------------------------------------------------------------------
19:35:00:202	LOG	5
----------------------------------------------------------------------------------------------------


----------------------------------------------------------------------------------------------------
19:37:43:984	LOG	1,2
----------------------------------------------------------------------------------------------------


----------------------------------------------------------------------------------------------------
19:37:43:985	LOG	3,4
----------------------------------------------------------------------------------------------------


----------------------------------------------------------------------------------------------------
19:37:43:986	LOG	5
----------------------------------------------------------------------------------------------------


----------------------------------------------------------------------------------------------------
19:38:56:498	LOG	1,2
----------------------------------------------------------------------------------------------------


----------------------------------------------------------------------------------------------------
19:38:56:499	LOG	3,4
----------------------------------------------------------------------------------------------------


----------------------------------------------------------------------------------------------------
19:38:56:500	LOG	5
----------------------------------------------------------------------------------------------------


----------------------------------------------------------------------------------------------------
19:39:01:673	LOG	1,2
----------------------------------------------------------------------------------------------------


----------------------------------------------------------------------------------------------------
19:39:01:673	LOG	3,4
----------------------------------------------------------------------------------------------------


----------------------------------------------------------------------------------------------------
19:39:01:674	LOG	5
----------------------------------------------------------------------------------------------------


----------------------------------------------------------------------------------------------------
19:40:23:097	LOG	1,2
----------------------------------------------------------------------------------------------------


----------------------------------------------------------------------------------------------------
19:40:23:097	LOG	3,4
----------------------------------------------------------------------------------------------------


----------------------------------------------------------------------------------------------------
19:40:23:098	LOG	5
----------------------------------------------------------------------------------------------------


----------------------------------------------------------------------------------------------------
19:54:13:368	LOG	1,2
----------------------------------------------------------------------------------------------------


----------------------------------------------------------------------------------------------------
19:54:13:370	LOG	3,4
----------------------------------------------------------------------------------------------------


----------------------------------------------------------------------------------------------------
19:54:13:371	LOG	5
----------------------------------------------------------------------------------------------------


----------------------------------------------------------------------------------------------------
19:54:56:901	INFO	分割数组：[ 1, 2]
----------------------------------------------------------------------------------------------------


----------------------------------------------------------------------------------------------------
19:54:56:902	INFO	分割数组：[ 3, 4]
----------------------------------------------------------------------------------------------------


----------------------------------------------------------------------------------------------------
19:54:56:903	INFO	分割数组：[ 5]
----------------------------------------------------------------------------------------------------


----------------------------------------------------------------------------------------------------
19:55:23:828	INFO	分割数组：[ 1,2, 3,4, 5]
----------------------------------------------------------------------------------------------------


----------------------------------------------------------------------------------------------------
19:55:35:038	INFO	分割数组：[ 1,2, 3,4, 5]
----------------------------------------------------------------------------------------------------


----------------------------------------------------------------------------------------------------
19:55:50:379	INFO	分割数组：[ 1,2, 3,4, 5]
----------------------------------------------------------------------------------------------------


----------------------------------------------------------------------------------------------------
19:56:16:669	INFO	分割数组：[ 1,2, 3,4, 5]
----------------------------------------------------------------------------------------------------


----------------------------------------------------------------------------------------------------
19:56:25:121	INFO	分割数组：[ 1,2, 3,4, 5]
----------------------------------------------------------------------------------------------------


----------------------------------------------------------------------------------------------------
19:57:07:297	INFO	分割数组：[ 1,2, 3,4, 5]
----------------------------------------------------------------------------------------------------


----------------------------------------------------------------------------------------------------
19:59:20:248	LOG	undefined
----------------------------------------------------------------------------------------------------

